Partner Agents' Types: 
[[0 0 0]
 [0 0 0]
 [0 0 0]]
0-th agent's partner agents
1-th agent's partner agents
2-th agent's partner agents
9  partner_trainers finished
0 good agents
1 good agents
2 good agents
3  trainers finished
Using good policy rmaddpg and bad policy rmaddpg with 0 adversaries
Uncertainty type is:  None ; Uncertainty level is:  0.1
Starting iterations...
steps: 24975, episodes: 1000, mean episode reward: -226.63131520649156, time: 25.492
steps: 49975, episodes: 2000, mean episode reward: -252.26270965371125, time: 92.029
steps: 74975, episodes: 3000, mean episode reward: -197.10784604311834, time: 87.527
steps: 99975, episodes: 4000, mean episode reward: -185.60142599815265, time: 89.09
steps: 124975, episodes: 5000, mean episode reward: -178.49107146036312, time: 88.975
steps: 149975, episodes: 6000, mean episode reward: -176.23635070268813, time: 90.762
steps: 174975, episodes: 7000, mean episode reward: -174.00970175458795, time: 92.052
steps: 199975, episodes: 8000, mean episode reward: -172.89277281486198, time: 81.603
steps: 224975, episodes: 9000, mean episode reward: -170.9026651759182, time: 73.383
steps: 249975, episodes: 10000, mean episode reward: -166.80557762888952, time: 69.565
steps: 274975, episodes: 11000, mean episode reward: -165.89051586925115, time: 72.567
steps: 299975, episodes: 12000, mean episode reward: -163.16780045652175, time: 73.562
steps: 324975, episodes: 13000, mean episode reward: -162.7319150486115, time: 70.366
steps: 349975, episodes: 14000, mean episode reward: -162.7946948551684, time: 71.553
steps: 374975, episodes: 15000, mean episode reward: -160.60267167086093, time: 70.947
steps: 399975, episodes: 16000, mean episode reward: -159.54853461118233, time: 71.101
steps: 424975, episodes: 17000, mean episode reward: -161.09932806371927, time: 70.335
steps: 449975, episodes: 18000, mean episode reward: -158.78020870677358, time: 71.802
steps: 474975, episodes: 19000, mean episode reward: -157.48059644727684, time: 71.294
steps: 499975, episodes: 20000, mean episode reward: -157.02432245401098, time: 74.093
steps: 524975, episodes: 21000, mean episode reward: -157.41286402048465, time: 73.616
steps: 549975, episodes: 22000, mean episode reward: -157.7282761108203, time: 74.183
steps: 574975, episodes: 23000, mean episode reward: -157.85797645336385, time: 72.371
steps: 599975, episodes: 24000, mean episode reward: -155.11054809138295, time: 71.435
steps: 624975, episodes: 25000, mean episode reward: -155.48633902223963, time: 71.732
steps: 649975, episodes: 26000, mean episode reward: -155.9528252259224, time: 74.818
steps: 674975, episodes: 27000, mean episode reward: -154.8490713984911, time: 73.303
steps: 699975, episodes: 28000, mean episode reward: -154.1271598821013, time: 73.768
steps: 724975, episodes: 29000, mean episode reward: -156.56869552552473, time: 73.363
steps: 749975, episodes: 30000, mean episode reward: -157.0047666293378, time: 91.108
steps: 774975, episodes: 31000, mean episode reward: -155.94775720103027, time: 92.881
steps: 799975, episodes: 32000, mean episode reward: -156.56360993358348, time: 91.538
steps: 824975, episodes: 33000, mean episode reward: -155.8439945526577, time: 91.231
steps: 849975, episodes: 34000, mean episode reward: -156.5392219989737, time: 91.0
steps: 874975, episodes: 35000, mean episode reward: -154.9392708422127, time: 91.915
steps: 899975, episodes: 36000, mean episode reward: -156.55018496512307, time: 92.322
steps: 924975, episodes: 37000, mean episode reward: -155.98827296454397, time: 77.161
steps: 949975, episodes: 38000, mean episode reward: -154.8074263837338, time: 72.031
steps: 974975, episodes: 39000, mean episode reward: -154.6838020837329, time: 72.199
steps: 999975, episodes: 40000, mean episode reward: -153.23158773647168, time: 73.335
steps: 1024975, episodes: 41000, mean episode reward: -154.88386477015587, time: 72.081
steps: 1049975, episodes: 42000, mean episode reward: -154.99635623584936, time: 72.401
steps: 1074975, episodes: 43000, mean episode reward: -152.83591789703016, time: 74.405
steps: 1099975, episodes: 44000, mean episode reward: -153.91717914167594, time: 72.868
steps: 1124975, episodes: 45000, mean episode reward: -152.9997014898992, time: 70.824
steps: 1149975, episodes: 46000, mean episode reward: -152.99236894071504, time: 71.02
steps: 1174975, episodes: 47000, mean episode reward: -152.8419721306655, time: 73.385
steps: 1199975, episodes: 48000, mean episode reward: -152.82881323635067, time: 72.805
steps: 1224975, episodes: 49000, mean episode reward: -152.0563787056306, time: 72.464
steps: 1249975, episodes: 50000, mean episode reward: -151.32650272485117, time: 73.393
steps: 1274975, episodes: 51000, mean episode reward: -151.24614610241719, time: 73.028
steps: 1299975, episodes: 52000, mean episode reward: -149.18915682397076, time: 71.277
steps: 1324975, episodes: 53000, mean episode reward: -148.91000306876637, time: 73.145
steps: 1349975, episodes: 54000, mean episode reward: -147.64739882609598, time: 72.702
steps: 1374975, episodes: 55000, mean episode reward: -148.24538349550735, time: 70.219
steps: 1399975, episodes: 56000, mean episode reward: -146.0408928379731, time: 72.613
steps: 1424975, episodes: 57000, mean episode reward: -147.39609194190635, time: 72.515
steps: 1449975, episodes: 58000, mean episode reward: -145.84137996779606, time: 72.594
steps: 1474975, episodes: 59000, mean episode reward: -146.69076312766285, time: 71.58
steps: 1499975, episodes: 60000, mean episode reward: -145.7472731684019, time: 74.061
steps: 1524975, episodes: 61000, mean episode reward: -145.38548692778446, time: 73.042
steps: 1549975, episodes: 62000, mean episode reward: -145.075253105415, time: 71.286
steps: 1574975, episodes: 63000, mean episode reward: -145.9452188157107, time: 72.453
steps: 1599975, episodes: 64000, mean episode reward: -145.3579844126007, time: 71.866
steps: 1624975, episodes: 65000, mean episode reward: -145.80049863417247, time: 71.993
steps: 1649975, episodes: 66000, mean episode reward: -146.9360158666439, time: 71.329
steps: 1674975, episodes: 67000, mean episode reward: -144.1601816541996, time: 73.065
steps: 1699975, episodes: 68000, mean episode reward: -144.89665229310572, time: 75.769
steps: 1724975, episodes: 69000, mean episode reward: -143.4635576633892, time: 75.315
steps: 1749975, episodes: 70000, mean episode reward: -142.84172070338295, time: 75.94
steps: 1774975, episodes: 71000, mean episode reward: -144.96202300986323, time: 74.705
steps: 1799975, episodes: 72000, mean episode reward: -143.35948650168476, time: 74.367
steps: 1824975, episodes: 73000, mean episode reward: -143.57280453897837, time: 74.504
steps: 1849975, episodes: 74000, mean episode reward: -143.16142533654633, time: 73.538
steps: 1874975, episodes: 75000, mean episode reward: -143.26600162277674, time: 73.014
steps: 1899975, episodes: 76000, mean episode reward: -143.14918974128483, time: 71.423
steps: 1924975, episodes: 77000, mean episode reward: -142.34786868127534, time: 74.254
steps: 1949975, episodes: 78000, mean episode reward: -141.24247912319697, time: 74.072
steps: 1974975, episodes: 79000, mean episode reward: -141.49843216896284, time: 74.602
steps: 1999975, episodes: 80000, mean episode reward: -141.83528475546578, time: 73.358
steps: 2024975, episodes: 81000, mean episode reward: -140.6527398337819, time: 73.685
steps: 2049975, episodes: 82000, mean episode reward: -139.2253175246757, time: 73.446
steps: 2074975, episodes: 83000, mean episode reward: -140.3441950712669, time: 74.438
steps: 2099975, episodes: 84000, mean episode reward: -140.51076663030955, time: 74.432
steps: 2124975, episodes: 85000, mean episode reward: -139.32432148187067, time: 73.814
steps: 2149975, episodes: 86000, mean episode reward: -138.18169136516966, time: 74.639
steps: 2174975, episodes: 87000, mean episode reward: -140.64370137016553, time: 74.224
steps: 2199975, episodes: 88000, mean episode reward: -139.9423851671354, time: 75.713
steps: 2224975, episodes: 89000, mean episode reward: -138.92913693969476, time: 75.682
steps: 2249975, episodes: 90000, mean episode reward: -139.64745601009287, time: 75.903
steps: 2274975, episodes: 91000, mean episode reward: -138.77796008567478, time: 75.306
steps: 2299975, episodes: 92000, mean episode reward: -138.08861719824228, time: 74.278
steps: 2324975, episodes: 93000, mean episode reward: -138.47144998455616, time: 73.208
steps: 2349975, episodes: 94000, mean episode reward: -136.93221256020536, time: 73.924
steps: 2374975, episodes: 95000, mean episode reward: -137.27256313543836, time: 73.315
steps: 2399975, episodes: 96000, mean episode reward: -136.59258615428487, time: 73.427
steps: 2424975, episodes: 97000, mean episode reward: -136.7617456651231, time: 73.435
steps: 2449975, episodes: 98000, mean episode reward: -134.99119864866057, time: 73.409
steps: 2474975, episodes: 99000, mean episode reward: -134.44262055265787, time: 73.175
steps: 2499975, episodes: 100000, mean episode reward: -136.38970745446008, time: 72.266
...Finished total of 100001 episodes.
