Partner Agents' Types: 
[[0 0]
 [0 0]]
0-th agent's partner agents
1-th agent's partner agents
4  partner_trainers finished
0 good agents
1 good agents
2  trainers finished
Using good policy rmaddpg and bad policy rmaddpg with 0 adversaries
Uncertainty type is:  None ; Uncertainty level is:  0.5
Starting iterations...
steps: 24975, episodes: 1000, mean episode reward: -227.74763223262656, time: 10.188
steps: 49975, episodes: 2000, mean episode reward: -638.4102355270171, time: 32.27
steps: 74975, episodes: 3000, mean episode reward: -134.5327882575057, time: 31.322
steps: 99975, episodes: 4000, mean episode reward: -116.6611443232864, time: 30.329
steps: 124975, episodes: 5000, mean episode reward: -105.23811151066842, time: 32.831
steps: 149975, episodes: 6000, mean episode reward: -101.369175134336, time: 33.262
steps: 174975, episodes: 7000, mean episode reward: -99.65078145719704, time: 31.376
steps: 199975, episodes: 8000, mean episode reward: -102.5855835714902, time: 31.194
steps: 224975, episodes: 9000, mean episode reward: -104.21832127351648, time: 32.046
steps: 249975, episodes: 10000, mean episode reward: -101.99098826860026, time: 31.373
steps: 274975, episodes: 11000, mean episode reward: -99.91972608540713, time: 31.978
steps: 299975, episodes: 12000, mean episode reward: -102.37119061878745, time: 31.327
steps: 324975, episodes: 13000, mean episode reward: -105.0406164758743, time: 31.096
steps: 349975, episodes: 14000, mean episode reward: -95.8174004783653, time: 31.073
steps: 374975, episodes: 15000, mean episode reward: -94.33500150911131, time: 30.922
steps: 399975, episodes: 16000, mean episode reward: -93.804622610527, time: 31.202
steps: 424975, episodes: 17000, mean episode reward: -91.08020031418593, time: 31.187
steps: 449975, episodes: 18000, mean episode reward: -87.91570104447406, time: 30.985
steps: 474975, episodes: 19000, mean episode reward: -90.50642186191119, time: 31.371
steps: 499975, episodes: 20000, mean episode reward: -87.50595376129792, time: 31.179
steps: 524975, episodes: 21000, mean episode reward: -90.31059057734869, time: 31.331
steps: 549975, episodes: 22000, mean episode reward: -86.89896658363546, time: 31.225
steps: 574975, episodes: 23000, mean episode reward: -86.4150250938767, time: 31.165
steps: 599975, episodes: 24000, mean episode reward: -84.78945702931925, time: 31.586
steps: 624975, episodes: 25000, mean episode reward: -83.67333540389663, time: 31.2
steps: 649975, episodes: 26000, mean episode reward: -81.02948388762657, time: 31.48
steps: 674975, episodes: 27000, mean episode reward: -80.87798305649444, time: 31.683
steps: 699975, episodes: 28000, mean episode reward: -82.03657033607189, time: 31.284
steps: 724975, episodes: 29000, mean episode reward: -81.55140309432915, time: 31.608
steps: 749975, episodes: 30000, mean episode reward: -81.05000587102289, time: 31.027
steps: 774975, episodes: 31000, mean episode reward: -86.09487376927386, time: 31.19
steps: 799975, episodes: 32000, mean episode reward: -88.31969861743244, time: 31.809
steps: 824975, episodes: 33000, mean episode reward: -84.3296033010626, time: 31.109
steps: 849975, episodes: 34000, mean episode reward: -79.47010514150338, time: 31.437
steps: 874975, episodes: 35000, mean episode reward: -85.76279998372559, time: 31.874
steps: 899975, episodes: 36000, mean episode reward: -82.35238749242299, time: 31.688
steps: 924975, episodes: 37000, mean episode reward: -85.33300528373427, time: 31.436
steps: 949975, episodes: 38000, mean episode reward: -85.85890121198489, time: 31.625
steps: 974975, episodes: 39000, mean episode reward: -91.2378464181928, time: 32.427
steps: 999975, episodes: 40000, mean episode reward: -92.7189510315643, time: 34.077
steps: 1024975, episodes: 41000, mean episode reward: -91.82210425885923, time: 31.794
steps: 1049975, episodes: 42000, mean episode reward: -89.98055421260439, time: 31.83
steps: 1074975, episodes: 43000, mean episode reward: -87.88636119133243, time: 31.189
steps: 1099975, episodes: 44000, mean episode reward: -81.31703066317102, time: 32.253
steps: 1124975, episodes: 45000, mean episode reward: -80.58462245980557, time: 32.145
steps: 1149975, episodes: 46000, mean episode reward: -79.29104070816771, time: 32.701
steps: 1174975, episodes: 47000, mean episode reward: -77.75995441827557, time: 32.025
steps: 1199975, episodes: 48000, mean episode reward: -78.45745236022411, time: 33.389
steps: 1224975, episodes: 49000, mean episode reward: -76.44956275058215, time: 32.466
steps: 1249975, episodes: 50000, mean episode reward: -76.66278578847722, time: 31.601
steps: 1274975, episodes: 51000, mean episode reward: -74.27006756934719, time: 31.55
steps: 1299975, episodes: 52000, mean episode reward: -75.96155732510495, time: 32.165
steps: 1324975, episodes: 53000, mean episode reward: -79.16799025734248, time: 32.956
steps: 1349975, episodes: 54000, mean episode reward: -82.93500773716433, time: 33.011
steps: 1374975, episodes: 55000, mean episode reward: -79.89640467562235, time: 31.721
steps: 1399975, episodes: 56000, mean episode reward: -78.70518303680629, time: 31.949
steps: 1424975, episodes: 57000, mean episode reward: -79.8206911282868, time: 32.556
steps: 1449975, episodes: 58000, mean episode reward: -84.60051780562428, time: 32.557
steps: 1474975, episodes: 59000, mean episode reward: -77.51993787112626, time: 31.914
steps: 1499975, episodes: 60000, mean episode reward: -76.2950080639696, time: 31.935
steps: 1524975, episodes: 61000, mean episode reward: -78.1789188009448, time: 32.985
steps: 1549975, episodes: 62000, mean episode reward: -78.85562749655213, time: 32.172
steps: 1574975, episodes: 63000, mean episode reward: -76.58529063628652, time: 31.378
steps: 1599975, episodes: 64000, mean episode reward: -76.16492756128387, time: 33.182
steps: 1624975, episodes: 65000, mean episode reward: -77.00693257987369, time: 32.137
steps: 1649975, episodes: 66000, mean episode reward: -76.98061186786728, time: 31.556
steps: 1674975, episodes: 67000, mean episode reward: -77.82532287986686, time: 32.319
steps: 1699975, episodes: 68000, mean episode reward: -76.78397575457785, time: 31.283
steps: 1724975, episodes: 69000, mean episode reward: -75.66629124328465, time: 32.509
steps: 1749975, episodes: 70000, mean episode reward: -75.75323205510661, time: 33.202
steps: 1774975, episodes: 71000, mean episode reward: -80.26108622957166, time: 32.297
steps: 1799975, episodes: 72000, mean episode reward: -80.39312403430321, time: 32.964
steps: 1824975, episodes: 73000, mean episode reward: -78.56544508587363, time: 31.714
steps: 1849975, episodes: 74000, mean episode reward: -77.887275350225, time: 33.245
steps: 1874975, episodes: 75000, mean episode reward: -76.86285045837984, time: 32.273
steps: 1899975, episodes: 76000, mean episode reward: -78.18482567681522, time: 33.188
steps: 1924975, episodes: 77000, mean episode reward: -78.11866635733243, time: 32.117
steps: 1949975, episodes: 78000, mean episode reward: -78.24614172816086, time: 32.359
steps: 1974975, episodes: 79000, mean episode reward: -78.90887085690544, time: 32.314
steps: 1999975, episodes: 80000, mean episode reward: -78.61263842960754, time: 32.433
steps: 2024975, episodes: 81000, mean episode reward: -81.17503387405911, time: 31.902
steps: 2049975, episodes: 82000, mean episode reward: -85.80329801707802, time: 32.805
steps: 2074975, episodes: 83000, mean episode reward: -82.19422575104397, time: 32.241
steps: 2099975, episodes: 84000, mean episode reward: -82.15202876761326, time: 32.891
steps: 2124975, episodes: 85000, mean episode reward: -80.82183704613753, time: 34.199
steps: 2149975, episodes: 86000, mean episode reward: -80.85931520882043, time: 33.34
steps: 2174975, episodes: 87000, mean episode reward: -82.70801221416187, time: 32.77
steps: 2199975, episodes: 88000, mean episode reward: -86.92279074991643, time: 32.771
steps: 2224975, episodes: 89000, mean episode reward: -85.8532097302971, time: 32.754
steps: 2249975, episodes: 90000, mean episode reward: -84.03281252717007, time: 32.904
steps: 2274975, episodes: 91000, mean episode reward: -84.20241663057345, time: 32.905
steps: 2299975, episodes: 92000, mean episode reward: -84.10779171440662, time: 32.461
steps: 2324975, episodes: 93000, mean episode reward: -86.23806733853262, time: 33.913
steps: 2349975, episodes: 94000, mean episode reward: -82.19577292322289, time: 32.497
steps: 2374975, episodes: 95000, mean episode reward: -83.30871851119777, time: 33.02
steps: 2399975, episodes: 96000, mean episode reward: -85.47909357965787, time: 33.114
steps: 2424975, episodes: 97000, mean episode reward: -84.07136573989175, time: 32.929
steps: 2449975, episodes: 98000, mean episode reward: -83.596810955075, time: 32.132
steps: 2474975, episodes: 99000, mean episode reward: -80.25512144683307, time: 32.606
steps: 2499975, episodes: 100000, mean episode reward: -80.34749585730862, time: 32.303
...Finished total of 100001 episodes.
